{
  "stats": {
    "suites": 1,
    "tests": 1,
    "passes": 1,
    "pending": 0,
    "failures": 0,
    "start": "2020-07-06T20:02:29.688Z",
    "end": "2020-07-06T20:02:58.931Z",
    "duration": 29243,
    "testsRegistered": 1,
    "passPercent": 100,
    "pendingPercent": 0,
    "other": 0,
    "hasOther": false,
    "skipped": 0,
    "hasSkipped": false
  },
  "results": [
    {
      "uuid": "fd85c620-c8d4-4fa7-83e2-c2da333b02ec",
      "title": "",
      "fullFile": "cypress/integration/examples/testFrameworkPO.js",
      "file": "cypress/integration/examples/testFrameworkPO.js",
      "beforeHooks": [],
      "afterHooks": [],
      "tests": [],
      "suites": [
        {
          "uuid": "d343049f-bb75-42ab-b74b-36048b892287",
          "title": "Test",
          "fullFile": "",
          "file": "",
          "beforeHooks": [],
          "afterHooks": [],
          "tests": [
            {
              "title": "should fill and check all fields on the page",
              "fullTitle": "Test should fill and check all fields on the page",
              "timedOut": null,
              "duration": 24584,
              "state": "passed",
              "speed": "slow",
              "pass": true,
              "fail": false,
              "pending": false,
              "context": null,
              "code": "//cy.visit('https://rahulshettyacademy.com/angularpractice/');\nvar homePage = new _HomePage[\"default\"]();\nhomePage.openUrl(this.data.homePageUrl);\nhomePage.getNameInput().should('have.attr', 'minlength', '2');\nhomePage.getNameInput().type(this.data.name);\nhomePage.getNameInput().should('have.value', this.data.name);\nhomePage.getTwoWayDataBindingExampleInput().should('have.value', this.data.name);\nhomePage.getEmailInput().type(this.data.email);\nhomePage.getPasswordInput().type('123456');\nhomePage.getCheckBox().check();\nhomePage.getCheckBox().should('be.checked');\nhomePage.getGenderSelect().select(this.data.gender);\nhomePage.getEntrepreneurRadioBtn().should('be.disabled');\nhomePage.getEmployedRadioBtn().should('be.not.checked');\nhomePage.getEmployedRadioBtn().check();\nhomePage.getEmployedRadioBtn().should('be.checked');\nhomePage.getDobInput().type('2020-06-24');\nhomePage.getSubmitBtn().click(); // cy.on('windows:alert', (str) => {\n//     expect(str).to.be.equal(\n//       'Success! The Form has been submitted successfully!',\n//     );\n//   });\nhomePage.getProductPageLink().eq(1).click();\ncy.url().should('be.equal', 'https://rahulshettyacademy.com/angularpractice/shop');\nvar productPage = new _ProductPage[\"default\"](); // create custom Cypress command in support/commands.js\nthis.data.productName.forEach(function (el) {\n  cy.selectProduct(el);\n});\nproductPage.getCheckoutBtn().click();\ncy.url().should('be.equal', 'https://rahulshettyacademy.com/angularpractice/shop');\nvar checkoutPage = new _CheckoutPage[\"default\"]();\ncheckoutPage.getProducts().should('have.length', '4'); // add tests to check the sum of all products and compare with total price\n//\n// get all text in the 2nd column of the table\nvar totalPriceExpected = 0;\ncy.get('tr td:nth-child(4) strong').each(function (el, ind, list) {\n  var price = el.text().replace(/[^0-9]/g, '');\n  totalPriceExpected = +totalPriceExpected + +price; //verify which one contains the necessary text\n  // if (text.includes('Python')) {\n  //   // get the next child element\n  //   cy.get('tr td:nth-child(4)')\n  //     .eq(ind)\n  //     .next()\n  //     .then((price) => {\n  //       const priceAmount = price.text();\n  //       //verify the price\n  //       expect(priceAmount).to.be.equal('25');\n  //     });\n  // }\n}).then(function () {\n  cy.log(totalPriceExpected);\n  cy.get('tr td:nth-child(5) h3').should('contain', totalPriceExpected);\n});\ncy.get('tr td:nth-child(5) h3').then(function (str) {\n  var totalPrice = +str.text().split(' ')[1];\n  expect(totalPrice).eq(totalPriceExpected);\n});\ncheckoutPage.getCheckoutBtn().click();\nvar finalPage = new _FinalPage[\"default\"]();\ncy.url().should('be.equal', 'https://rahulshettyacademy.com/angularpractice/shop');\nfinalPage.getInputCountryField().type('India');\ncy.wait(2000); // finalPage.getCountryFronDropDown().each((el, ind, list) => {\n//   cy.log(el.text());\n//   if (el.text() === 'India') {\n//     el.click();\n//   }\n// });\nfinalPage.getCountryFronDropDown().click();\ncy.wait(1000);\nfinalPage.getInputCountryField().should('have.value', 'India');\nfinalPage.getCheckBox().check({\n  force: true\n});\nfinalPage.getCheckBox().should('be.checked');\nfinalPage.getPurchaseInput().click();\nfinalPage.getAlertMsg().should('be.visible');\nfinalPage.getAlertMsg().should('have.text', this.data.alertMsg);\nfinalPage.getAlertMsg().then(function (str) {\n  var actualTextMsg = str.text();\n  expect(actualTextMsg.includes('Success')).to.be[\"true\"];\n});",
              "err": {},
              "uuid": "1195357d-a3ff-4752-b9d7-acb6caf5891b",
              "parentUUID": "d343049f-bb75-42ab-b74b-36048b892287",
              "isHook": false,
              "skipped": false
            }
          ],
          "suites": [],
          "passes": [
            "1195357d-a3ff-4752-b9d7-acb6caf5891b"
          ],
          "failures": [],
          "pending": [],
          "skipped": [],
          "duration": 24584,
          "root": false,
          "rootEmpty": false,
          "_timeout": 2000
        }
      ],
      "passes": [],
      "failures": [],
      "pending": [],
      "skipped": [],
      "duration": 0,
      "root": true,
      "rootEmpty": true,
      "_timeout": 2000
    }
  ],
  "meta": {
    "mocha": {
      "version": "7.0.1"
    },
    "mochawesome": {
      "options": {
        "quiet": false,
        "reportFilename": "mochawesome",
        "saveHtml": true,
        "saveJson": true,
        "consoleReporter": "spec",
        "useInlineDiffs": false,
        "code": true
      },
      "version": "6.1.1"
    },
    "marge": {
      "options": null,
      "version": "5.1.0"
    }
  }
}